{"uuid":"94fdb530-8352-4d81-be51-66acedf1c009","name":"com.TestRunner.testrunner","children":[],"befores":[{"name":"setUpClass","status":"broken","statusDetails":{"known":false,"muted":false,"flaky":false,"message":"Couldn't load plugin class: com.cucumber.listener.ExtentCucumberFormatter","trace":"io.cucumber.core.exception.CucumberException: Couldn't load plugin class: com.cucumber.listener.ExtentCucumberFormatter\r\n\tat io.cucumber.core.options.PluginOption.loadClass(PluginOption.java:117)\r\n\tat io.cucumber.core.options.PluginOption.parsePluginName(PluginOption.java:102)\r\n\tat io.cucumber.core.options.PluginOption.parse(PluginOption.java:86)\r\n\tat io.cucumber.core.options.RuntimeOptionsBuilder$ParsedPluginData.addPluginName(RuntimeOptionsBuilder.java:238)\r\n\tat io.cucumber.core.options.RuntimeOptionsBuilder.addPluginName(RuntimeOptionsBuilder.java:62)\r\n\tat io.cucumber.core.options.CucumberOptionsAnnotationParser.addPlugins(CucumberOptionsAnnotationParser.java:109)\r\n\tat io.cucumber.core.options.CucumberOptionsAnnotationParser.parse(CucumberOptionsAnnotationParser.java:57)\r\n\tat io.cucumber.testng.TestNGCucumberRunner.<init>(TestNGCucumberRunner.java:79)\r\n\tat io.cucumber.testng.AbstractTestNGCucumberTests.setUpClass(AbstractTestNGCucumberTests.java:22)\r\n\tat sun.reflect.NativeMethodAccessorImpl.invoke0(Native Method)\r\n\tat sun.reflect.NativeMethodAccessorImpl.invoke(NativeMethodAccessorImpl.java:62)\r\n\tat sun.reflect.DelegatingMethodAccessorImpl.invoke(DelegatingMethodAccessorImpl.java:43)\r\n\tat java.lang.reflect.Method.invoke(Method.java:498)\r\n\tat org.testng.internal.MethodInvocationHelper.invokeMethod(MethodInvocationHelper.java:135)\r\n\tat org.testng.internal.MethodInvocationHelper.invokeMethodConsideringTimeout(MethodInvocationHelper.java:64)\r\n\tat org.testng.internal.ConfigInvoker.invokeConfigurationMethod(ConfigInvoker.java:364)\r\n\tat org.testng.internal.ConfigInvoker.invokeConfigurations(ConfigInvoker.java:318)\r\n\tat org.testng.internal.TestMethodWorker.invokeBeforeClassMethods(TestMethodWorker.java:176)\r\n\tat org.testng.internal.TestMethodWorker.run(TestMethodWorker.java:122)\r\n\tat java.util.ArrayList.forEach(ArrayList.java:1257)\r\n\tat org.testng.TestRunner.privateRun(TestRunner.java:767)\r\n\tat org.testng.TestRunner.run(TestRunner.java:588)\r\n\tat org.testng.SuiteRunner.runTest(SuiteRunner.java:384)\r\n\tat org.testng.SuiteRunner.runSequentially(SuiteRunner.java:378)\r\n\tat org.testng.SuiteRunner.privateRun(SuiteRunner.java:337)\r\n\tat org.testng.SuiteRunner.run(SuiteRunner.java:286)\r\n\tat org.testng.SuiteRunnerWorker.runSuite(SuiteRunnerWorker.java:53)\r\n\tat org.testng.SuiteRunnerWorker.run(SuiteRunnerWorker.java:96)\r\n\tat org.testng.TestNG.runSuitesSequentially(TestNG.java:1214)\r\n\tat org.testng.TestNG.runSuitesLocally(TestNG.java:1136)\r\n\tat org.testng.TestNG.runSuites(TestNG.java:1066)\r\n\tat org.testng.TestNG.run(TestNG.java:1034)\r\n\tat org.testng.remote.AbstractRemoteTestNG.run(AbstractRemoteTestNG.java:115)\r\n\tat org.testng.remote.RemoteTestNG.initAndRun(RemoteTestNG.java:251)\r\n\tat org.testng.remote.RemoteTestNG.main(RemoteTestNG.java:77)\r\nCaused by: java.lang.NoClassDefFoundError: gherkin/formatter/Reporter\r\n\tat java.lang.ClassLoader.defineClass1(Native Method)\r\n\tat java.lang.ClassLoader.defineClass(ClassLoader.java:763)\r\n\tat java.security.SecureClassLoader.defineClass(SecureClassLoader.java:142)\r\n\tat java.net.URLClassLoader.defineClass(URLClassLoader.java:467)\r\n\tat java.net.URLClassLoader.access$100(URLClassLoader.java:73)\r\n\tat java.net.URLClassLoader$1.run(URLClassLoader.java:368)\r\n\tat java.net.URLClassLoader$1.run(URLClassLoader.java:362)\r\n\tat java.security.AccessController.doPrivileged(Native Method)\r\n\tat java.net.URLClassLoader.findClass(URLClassLoader.java:361)\r\n\tat java.lang.ClassLoader.loadClass(ClassLoader.java:424)\r\n\tat sun.misc.Launcher$AppClassLoader.loadClass(Launcher.java:338)\r\n\tat java.lang.ClassLoader.loadClass(ClassLoader.java:357)\r\n\tat io.cucumber.core.options.PluginOption.loadClass(PluginOption.java:110)\r\n\t... 34 more\r\nCaused by: java.lang.ClassNotFoundException: gherkin.formatter.Reporter\r\n\tat java.net.URLClassLoader.findClass(URLClassLoader.java:381)\r\n\tat java.lang.ClassLoader.loadClass(ClassLoader.java:424)\r\n\tat sun.misc.Launcher$AppClassLoader.loadClass(Launcher.java:338)\r\n\tat java.lang.ClassLoader.loadClass(ClassLoader.java:357)\r\n\t... 47 more\r\n"},"stage":"finished","description":"","steps":[],"attachments":[],"parameters":[],"start":1591550355889,"stop":1591550356041}],"afters":[{"name":"extendReport","status":"broken","stage":"finished","description":"","steps":[],"attachments":[],"parameters":[],"start":1591550356356,"stop":1591550356356},{"name":"tearDownClass","status":"passed","stage":"finished","description":"","steps":[],"attachments":[],"parameters":[],"start":1591550356364,"stop":1591550356364}],"links":[],"start":1591550355821,"stop":1591550356582}